# JRE version: OpenJDK Runtime Environment (11.0.6+8) (build 11.0.6+8-b520.43)
# Java VM: OpenJDK 64-Bit Server VM (11.0.6+8-b520.43, mixed mode, tiered, compressed oops, g1 gc, windows-amd64)
Heap:
 garbage-first heap   total 212992K, used 117492K [0x0000000082200000, 0x0000000100000000)
  region size 1024K, 98 young (100352K), 8 survivors (8192K)
 Metaspace       used 63624K, capacity 65483K, committed 65584K, reserved 1105920K
  class space    used 8311K, capacity 9054K, committed 9088K, reserved 1048576K
GC Heap History (20 events):
Event: 3.428 GC heap before
{Heap before GC invocations=1 (full 0):
 garbage-first heap   total 129024K, used 15279K [0x0000000082200000, 0x0000000100000000)
  region size 1024K, 11 young (11264K), 2 survivors (2048K)
 Metaspace       used 13436K, capacity 13780K, committed 13824K, reserved 1060864K
  class space    used 1384K, capacity 1508K, committed 1536K, reserved 1048576K
}
Event: 3.442 GC heap after
{Heap after GC invocations=2 (full 0):
 garbage-first heap   total 129024K, used 8620K [0x0000000082200000, 0x0000000100000000)
  region size 1024K, 2 young (2048K), 2 survivors (2048K)
 Metaspace       used 13436K, capacity 13780K, committed 13824K, reserved 1060864K
  class space    used 1384K, capacity 1508K, committed 1536K, reserved 1048576K
}
Event: 3.841 GC heap before
{Heap before GC invocations=2 (full 0):
 garbage-first heap   total 129024K, used 32172K [0x0000000082200000, 0x0000000100000000)
  region size 1024K, 26 young (26624K), 2 survivors (2048K)
 Metaspace       used 15796K, capacity 16248K, committed 16512K, reserved 1064960K
  class space    used 1688K, capacity 1856K, committed 1920K, reserved 1048576K
}
Event: 3.847 GC heap after
{Heap after GC invocations=3 (full 0):
 garbage-first heap   total 129024K, used 9363K [0x0000000082200000, 0x0000000100000000)
  region size 1024K, 3 young (3072K), 3 survivors (3072K)
 Metaspace       used 15796K, capacity 16248K, committed 16512K, reserved 1064960K
  class space    used 1688K, capacity 1856K, committed 1920K, reserved 1048576K
}
Event: 4.186 GC heap before
{Heap before GC invocations=3 (full 0):
 garbage-first heap   total 129024K, used 51347K [0x0000000082200000, 0x0000000100000000)
  region size 1024K, 45 young (46080K), 3 survivors (3072K)
 Metaspace       used 18160K, capacity 18744K, committed 18944K, reserved 1067008K
  class space    used 1966K, capacity 2182K, committed 2304K, reserved 1048576K
}
Event: 4.192 GC heap after
{Heap after GC invocations=4 (full 0):
 garbage-first heap   total 129024K, used 9907K [0x0000000082200000, 0x0000000100000000)
  region size 1024K, 3 young (3072K), 3 survivors (3072K)
 Metaspace       used 18160K, capacity 18744K, committed 18944K, reserved 1067008K
  class space    used 1966K, capacity 2182K, committed 2304K, reserved 1048576K
}
Event: 4.549 GC heap before
{Heap before GC invocations=4 (full 0):
 garbage-first heap   total 129024K, used 29363K [0x0000000082200000, 0x0000000100000000)
  region size 1024K, 23 young (23552K), 3 survivors (3072K)
 Metaspace       used 20476K, capacity 21155K, committed 21296K, reserved 1069056K
  class space    used 2359K, capacity 2627K, committed 2688K, reserved 1048576K
}
Event: 4.562 GC heap after
{Heap after GC invocations=5 (full 0):
 garbage-first heap   total 129024K, used 10449K [0x0000000082200000, 0x0000000100000000)
  region size 1024K, 4 young (4096K), 4 survivors (4096K)
 Metaspace       used 20476K, capacity 21155K, committed 21296K, reserved 1069056K
  class space    used 2359K, capacity 2627K, committed 2688K, reserved 1048576K
}
Event: 5.656 GC heap before
{Heap before GC invocations=6 (full 0):
 garbage-first heap   total 129024K, used 75985K [0x0000000082200000, 0x0000000100000000)
  region size 1024K, 69 young (70656K), 4 survivors (4096K)
 Metaspace       used 28819K, capacity 29734K, committed 29872K, reserved 1075200K
  class space    used 3430K, capacity 3785K, committed 3840K, reserved 1048576K
}
Event: 5.668 GC heap after
{Heap after GC invocations=7 (full 0):
 garbage-first heap   total 129024K, used 13431K [0x0000000082200000, 0x0000000100000000)
  region size 1024K, 7 young (7168K), 7 survivors (7168K)
 Metaspace       used 28819K, capacity 29734K, committed 29872K, reserved 1075200K
  class space    used 3430K, capacity 3785K, committed 3840K, reserved 1048576K
}
Event: 6.163 GC heap before
{Heap before GC invocations=7 (full 0):
 garbage-first heap   total 129024K, used 82039K [0x0000000082200000, 0x0000000100000000)
  region size 1024K, 75 young (76800K), 7 survivors (7168K)
 Metaspace       used 30440K, capacity 31423K, committed 31664K, reserved 1077248K
  class space    used 3634K, capacity 4025K, committed 4096K, reserved 1048576K
}
Event: 6.177 GC heap after
{Heap after GC invocations=8 (full 0):
 garbage-first heap   total 177152K, used 15033K [0x0000000082200000, 0x0000000100000000)
  region size 1024K, 7 young (7168K), 7 survivors (7168K)
 Metaspace       used 30440K, capacity 31423K, committed 31664K, reserved 1077248K
  class space    used 3634K, capacity 4025K, committed 4096K, reserved 1048576K
}
Event: 7.367 GC heap before
{Heap before GC invocations=8 (full 0):
 garbage-first heap   total 177152K, used 76473K [0x0000000082200000, 0x0000000100000000)
  region size 1024K, 69 young (70656K), 7 survivors (7168K)
 Metaspace       used 34674K, capacity 35750K, committed 35888K, reserved 1081344K
  class space    used 4220K, capacity 4626K, committed 4736K, reserved 1048576K
}
Event: 7.387 GC heap after
{Heap after GC invocations=9 (full 0):
 garbage-first heap   total 177152K, used 16846K [0x0000000082200000, 0x0000000100000000)
  region size 1024K, 9 young (9216K), 9 survivors (9216K)
 Metaspace       used 34674K, capacity 35750K, committed 35888K, reserved 1081344K
  class space    used 4220K, capacity 4626K, committed 4736K, reserved 1048576K
}
Event: 8.073 GC heap before
{Heap before GC invocations=10 (full 0):
 garbage-first heap   total 177152K, used 112078K [0x0000000082200000, 0x0000000100000000)
  region size 1024K, 103 young (105472K), 9 survivors (9216K)
 Metaspace       used 38319K, capacity 39634K, committed 39728K, reserved 1083392K
  class space    used 4714K, capacity 5196K, committed 5248K, reserved 1048576K
}
Event: 8.091 GC heap after
{Heap after GC invocations=11 (full 0):
 garbage-first heap   total 177152K, used 19285K [0x0000000082200000, 0x0000000100000000)
  region size 1024K, 9 young (9216K), 9 survivors (9216K)
 Metaspace       used 38319K, capacity 39634K, committed 39728K, reserved 1083392K
  class space    used 4714K, capacity 5196K, committed 5248K, reserved 1048576K
}
Event: 11.909 GC heap before
{Heap before GC invocations=11 (full 0):
 garbage-first heap   total 177152K, used 114517K [0x0000000082200000, 0x0000000100000000)
  region size 1024K, 103 young (105472K), 9 survivors (9216K)
 Metaspace       used 51303K, capacity 52737K, committed 52912K, reserved 1095680K
  class space    used 6499K, capacity 7057K, committed 7168K, reserved 1048576K
}
Event: 11.951 GC heap after
{Heap after GC invocations=12 (full 0):
 garbage-first heap   total 177152K, used 24249K [0x0000000082200000, 0x0000000100000000)
  region size 1024K, 11 young (11264K), 11 survivors (11264K)
 Metaspace       used 51303K, capacity 52737K, committed 52912K, reserved 1095680K
  class space    used 6499K, capacity 7057K, committed 7168K, reserved 1048576K
}
Event: 14.312 GC heap before
{Heap before GC invocations=12 (full 0):
 garbage-first heap   total 177152K, used 87737K [0x0000000082200000, 0x0000000100000000)
  region size 1024K, 74 young (75776K), 11 survivors (11264K)
 Metaspace       used 58550K, capacity 60143K, committed 60240K, reserved 1101824K
  class space    used 7586K, capacity 8172K, committed 8192K, reserved 1048576K
}
Event: 14.338 GC heap after
{Heap after GC invocations=13 (full 0):
 garbage-first heap   total 212992K, used 26356K [0x0000000082200000, 0x0000000100000000)
  region size 1024K, 8 young (8192K), 8 survivors (8192K)
 Metaspace       used 58550K, capacity 60143K, committed 60240K, reserved 1101824K
  class space    used 7586K, capacity 8172K, committed 8192K, reserved 1048576K
}

